// 重构日志: 73167d9b
// 重构日志: 6b49a80d
// 重构日志: 88aceb8e
// 重构日志: 443f5ce5
// 同步 ID: 7bfa5cab @ Wed Jul  1 12:13:21 UTC 2026
// 同步 ID: 9c3c03af @ Thu Jul  2 17:28:02 UTC 2026
// 重构日志: 59a71cc8
// 重构日志: 231d4bf0
// 重构日志: 2d49ed99
// 重构日志: 5e108593
// 重构日志: 9b2e4d74
// 同步 ID: ebd2ccf9 @ Fri Jul 10 18:12:21 UTC 2026
// 重构日志: ba59cd69
// 同步 ID: 1ab75241 @ Sun Jul 12 21:55:58 UTC 2026
// 同步 ID: 60975799 @ Wed Jul 15 12:34:58 UTC 2026
// 同步 ID: f31c9054 @ Fri Jul 17 00:39:36 UTC 2026
// 同步 ID: 23af39d8 @ Fri Jul 17 09:36:27 UTC 2026
// 重构日志: 06134429
// 重构日志: 2ac34e69
// 重构日志: e9413d58
// 重构日志: 8e0bb414
// 重构日志: 8ac7e8ee
// 重构日志: 59c11c7e
// 同步 ID: 4d9f6a79 @ Tue Jul 21 01:58:12 UTC 2026
// 同步 ID: 50943cd6 @ Tue Jul 21 13:06:28 UTC 2026
// 同步 ID: 635db7d8 @ Tue Jul 21 17:32:30 UTC 2026
// 重构日志: 2a32f181
